<?xml version="1.0" encoding="UTF-8"?>
<testsuite name="cucubmerrunner.TestNgCucumberFeatureRunner" tests="1" skipped="0" failures="0" errors="0" timestamp="2017-11-15T15:48:21" hostname="osolomin-monster" time="6.97">
  <properties/>
  <testcase name="feature" classname="cucubmerrunner.TestNgCucumberFeatureRunner" time="6.97"/>
  <system-out><![CDATA[Feature: Prototype test
Request method:	GET
Request URI:	https://www.google.com.ua/
Proxy:			<none>
Request params:	<none>
Query params:	<none>
Form params:	<none>
Path params:	<none>
Multiparts:		<none>
Headers:		Accept=application/json, text/javascript
Cookies:		<none>
Body:			<none>

  Scenario: First test  # test.feature:3
    Given Do get to ' ' # DefaultStepDef.step(String)
]]></system-out>
  <system-err><![CDATA[SLF4J: Failed to load class "org.slf4j.impl.StaticLoggerBinder".
SLF4J: Defaulting to no-operation (NOP) logger implementation
SLF4J: See http://www.slf4j.org/codes.html#StaticLoggerBinder for further details.
]]></system-err>
</testsuite>
